# JRE version: 7.0_17-b02
# Java VM: Java HotSpot(TM) 64-Bit Server VM (23.7-b01 mixed mode windows-amd64 compressed oops)
Heap
 PSYoungGen      total 329344K, used 150327K [0x00000000eaab0000, 0x0000000100000000, 0x0000000100000000)
  eden space 315328K, 47% used [0x00000000eaab0000,0x00000000f3d7dc60,0x00000000fdea0000)
  from space 14016K, 0% used [0x00000000fdea0000,0x00000000fdea0000,0x00000000fec50000)
  to   space 18112K, 0% used [0x00000000fee50000,0x00000000fee50000,0x0000000100000000)
 ParOldGen       total 50112K, used 45731K [0x00000000c0000000, 0x00000000c30f0000, 0x00000000eaab0000)
  object space 50112K, 91% used [0x00000000c0000000,0x00000000c2ca8f10,0x00000000c30f0000)
 PSPermGen       total 21248K, used 7411K [0x00000000bae00000, 0x00000000bc2c0000, 0x00000000c0000000)
  object space 21248K, 34% used [0x00000000bae00000,0x00000000bb53cd88,0x00000000bc2c0000)
GC Heap History (10 events):
Event: 6.169 GC heap before
{Heap before GC invocations=12 (full 2):
 PSYoungGen      total 331392K, used 13335K [0x00000000eaab0000, 0x0000000100000000, 0x0000000100000000)
  eden space 315328K, 0% used [0x00000000eaab0000,0x00000000eaab0000,0x00000000fdea0000)
  from space 16064K, 83% used [0x00000000ff050000,0x00000000ffd55e60,0x0000000100000000)
  to   space 17088K, 0% used [0x00000000fdea0000,0x00000000fdea0000,0x00000000fef50000)
 ParOldGen       total 43008K, used 34442K [0x00000000c0000000, 0x00000000c2a00000, 0x00000000eaab0000)
  object space 43008K, 80% used [0x00000000c0000000,0x00000000c21a2910,0x00000000c2a00000)
 PSPermGen       total 21248K, used 7406K [0x00000000bae00000, 0x00000000bc2c0000, 0x00000000c0000000)
  object space 21248K, 34% used [0x00000000bae00000,0x00000000bb53b840,0x00000000bc2c0000)
Event: 6.234 GC heap after
Heap after GC invocations=12 (full 2):
 PSYoungGen      total 331392K, used 0K [0x00000000eaab0000, 0x0000000100000000, 0x0000000100000000)
  eden space 315328K, 0% used [0x00000000eaab0000,0x00000000eaab0000,0x00000000fdea0000)
  from space 16064K, 0% used [0x00000000ff050000,0x00000000ff050000,0x0000000100000000)
  to   space 17088K, 0% used [0x00000000fdea0000,0x00000000fdea0000,0x00000000fef50000)
 ParOldGen       total 43008K, used 32404K [0x00000000c0000000, 0x00000000c2a00000, 0x00000000eaab0000)
  object space 43008K, 75% used [0x00000000c0000000,0x00000000c1fa5210,0x00000000c2a00000)
 PSPermGen       total 21248K, used 7406K [0x00000000bae00000, 0x00000000bc2c0000, 0x00000000c0000000)
  object space 21248K, 34% used [0x00000000bae00000,0x00000000bb53b840,0x00000000bc2c0000)
}
Event: 7.876 GC heap before
{Heap before GC invocations=13 (full 2):
 PSYoungGen      total 331392K, used 315328K [0x00000000eaab0000, 0x0000000100000000, 0x0000000100000000)
  eden space 315328K, 100% used [0x00000000eaab0000,0x00000000fdea0000,0x00000000fdea0000)
  from space 16064K, 0% used [0x00000000ff050000,0x00000000ff050000,0x0000000100000000)
  to   space 17088K, 0% used [0x00000000fdea0000,0x00000000fdea0000,0x00000000fef50000)
 ParOldGen       total 43008K, used 32404K [0x00000000c0000000, 0x00000000c2a00000, 0x00000000eaab0000)
  object space 43008K, 75% used [0x00000000c0000000,0x00000000c1fa5210,0x00000000c2a00000)
 PSPermGen       total 21248K, used 7407K [0x00000000bae00000, 0x00000000bc2c0000, 0x00000000c0000000)
  object space 21248K, 34% used [0x00000000bae00000,0x00000000bb53bf48,0x00000000bc2c0000)
Event: 8.457 GC heap after
Heap after GC invocations=13 (full 2):
 PSYoungGen      total 329344K, used 14011K [0x00000000eaab0000, 0x0000000100000000, 0x0000000100000000)
  eden space 315328K, 0% used [0x00000000eaab0000,0x00000000eaab0000,0x00000000fdea0000)
  from space 14016K, 99% used [0x00000000fdea0000,0x00000000fec4ef70,0x00000000fec50000)
  to   space 18112K, 0% used [0x00000000fee50000,0x00000000fee50000,0x0000000100000000)
 ParOldGen       total 49728K, used 45806K [0x00000000c0000000, 0x00000000c3090000, 0x00000000eaab0000)
  object space 49728K, 92% used [0x00000000c0000000,0x00000000c2cbb920,0x00000000c3090000)
 PSPermGen       total 21248K, used 7407K [0x00000000bae00000, 0x00000000bc2c0000, 0x00000000c0000000)
  object space 21248K, 34% used [0x00000000bae00000,0x00000000bb53bf48,0x00000000bc2c0000)
}
Event: 8.457 GC heap before
{Heap before GC invocations=14 (full 3):
 PSYoungGen      total 329344K, used 14011K [0x00000000eaab0000, 0x0000000100000000, 0x0000000100000000)
  eden space 315328K, 0% used [0x00000000eaab0000,0x00000000eaab0000,0x00000000fdea0000)
  from space 14016K, 99% used [0x00000000fdea0000,0x00000000fec4ef70,0x00000000fec50000)
  to   space 18112K, 0% used [0x00000000fee50000,0x00000000fee50000,0x0000000100000000)
 ParOldGen       total 49728K, used 45806K [0x00000000c0000000, 0x00000000c3090000, 0x00000000eaab0000)
  object space 49728K, 92% used [0x00000000c0000000,0x00000000c2cbb920,0x00000000c3090000)
 PSPermGen       total 21248K, used 7407K [0x00000000bae00000, 0x00000000bc2c0000, 0x00000000c0000000)
  object space 21248K, 34% used [0x00000000bae00000,0x00000000bb53bf48,0x00000000bc2c0000)
Event: 8.708 GC heap after
Heap after GC invocations=14 (full 3):
 PSYoungGen      total 329344K, used 0K [0x00000000eaab0000, 0x0000000100000000, 0x0000000100000000)
  eden space 315328K, 0% used [0x00000000eaab0000,0x00000000eaab0000,0x00000000fdea0000)
  from space 14016K, 0% used [0x00000000fdea0000,0x00000000fdea0000,0x00000000fec50000)
  to   space 18112K, 0% used [0x00000000fee50000,0x00000000fee50000,0x0000000100000000)
 ParOldGen       total 49728K, used 31998K [0x00000000c0000000, 0x00000000c3090000, 0x00000000eaab0000)
  object space 49728K, 64% used [0x00000000c0000000,0x00000000c1f3f828,0x00000000c3090000)
 PSPermGen       total 21248K, used 7407K [0x00000000bae00000, 0x00000000bc2c0000, 0x00000000c0000000)
  object space 21248K, 34% used [0x00000000bae00000,0x00000000bb53bf48,0x00000000bc2c0000)
}
Event: 13.222 GC heap before
{Heap before GC invocations=15 (full 3):
 PSYoungGen      total 329344K, used 315328K [0x00000000eaab0000, 0x0000000100000000, 0x0000000100000000)
  eden space 315328K, 100% used [0x00000000eaab0000,0x00000000fdea0000,0x00000000fdea0000)
  from space 14016K, 0% used [0x00000000fdea0000,0x00000000fdea0000,0x00000000fec50000)
  to   space 18112K, 0% used [0x00000000fee50000,0x00000000fee50000,0x0000000100000000)
 ParOldGen       total 49728K, used 31998K [0x00000000c0000000, 0x00000000c3090000, 0x00000000eaab0000)
  object space 49728K, 64% used [0x00000000c0000000,0x00000000c1f3f828,0x00000000c3090000)
 PSPermGen       total 21248K, used 7410K [0x00000000bae00000, 0x00000000bc2c0000, 0x00000000c0000000)
  object space 21248K, 34% used [0x00000000bae00000,0x00000000bb53ca50,0x00000000bc2c0000)
Event: 13.958 GC heap after
Heap after GC invocations=15 (full 3):
 PSYoungGen      total 329344K, used 315328K [0x00000000eaab0000, 0x0000000100000000, 0x0000000100000000)
  eden space 315328K, 100% used [0x00000000eaab0000,0x00000000fdea0000,0x00000000fdea0000)
  from space 14016K, 0% used [0x00000000fdea0000,0x00000000fdea0000,0x00000000fec50000)
  to   space 18112K, 99% used [0x00000000fee50000,0x00000000ffff9710,0x0000000100000000)
 ParOldGen       total 50112K, used 50085K [0x00000000c0000000, 0x00000000c30f0000, 0x00000000eaab0000)
  object space 50112K, 99% used [0x00000000c0000000,0x00000000c30e96b0,0x00000000c30f0000)
 PSPermGen       total 21248K, used 7410K [0x00000000bae00000, 0x00000000bc2c0000, 0x00000000c0000000)
  object space 21248K, 34% used [0x00000000bae00000,0x00000000bb53ca50,0x00000000bc2c0000)
}
Event: 13.958 GC heap before
{Heap before GC invocations=16 (full 4):
 PSYoungGen      total 329344K, used 315328K [0x00000000eaab0000, 0x0000000100000000, 0x0000000100000000)
  eden space 315328K, 100% used [0x00000000eaab0000,0x00000000fdea0000,0x00000000fdea0000)
  from space 14016K, 0% used [0x00000000fdea0000,0x00000000fdea0000,0x00000000fec50000)
  to   space 18112K, 99% used [0x00000000fee50000,0x00000000ffff9710,0x0000000100000000)
 ParOldGen       total 50112K, used 50085K [0x00000000c0000000, 0x00000000c30f0000, 0x00000000eaab0000)
  object space 50112K, 99% used [0x00000000c0000000,0x00000000c30e96b0,0x00000000c30f0000)
 PSPermGen       total 21248K, used 7410K [0x00000000bae00000, 0x00000000bc2c0000, 0x00000000c0000000)
  object space 21248K, 34% used [0x00000000bae00000,0x00000000bb53ca50,0x00000000bc2c0000)
Event: 14.262 GC heap after
Heap after GC invocations=16 (full 4):
 PSYoungGen      total 329344K, used 0K [0x00000000eaab0000, 0x0000000100000000, 0x0000000100000000)
  eden space 315328K, 0% used [0x00000000eaab0000,0x00000000eaab0000,0x00000000fdea0000)
  from space 14016K, 0% used [0x00000000fdea0000,0x00000000fdea0000,0x00000000fec50000)
  to   space 18112K, 0% used [0x00000000fee50000,0x00000000fee50000,0x0000000100000000)
 ParOldGen       total 50112K, used 45731K [0x00000000c0000000, 0x00000000c30f0000, 0x00000000eaab0000)
  object space 50112K, 91% used [0x00000000c0000000,0x00000000c2ca8f10,0x00000000c30f0000)
 PSPermGen       total 21248K, used 7410K [0x00000000bae00000, 0x00000000bc2c0000, 0x00000000c0000000)
  object space 21248K, 34% used [0x00000000bae00000,0x00000000bb53ca50,0x00000000bc2c0000)
}

